Key pair exported to stores/proof-pulse-msb/db/keypair.json
Key pair exported to stores\proof-pulse\db\keypair.json
=============== STARTING MSB ===============
State initialization...
Network initialization...

#####################################################################################
# MSB Address:    trac1v8s23l8r4clnqc76rknkjhck5n4h0grjsaruf8zd0hn089ln5nksntthgs  #
# MSB Writer:     70f15710a26c8cbfd1c919669f1fcaa78369c781f01134b790523bdf326147cc #
#####################################################################################
Channel: 0000trac0network0msb0mainnet0000
isIndexer: false
isWriter: false
MSB Unsigned Length: 0
MSB Signed Length: 0
Balance: 0
=============== STARTING PEER ===============

######################################################################################
# Peer Address:     5fc89fc264c32429b73cfb64f20018b7ab76dc201aa761253c84b79948e14301 #
# Peer Writer:      808440a8b704b302e4badc3f561a179e51890431bbd48db16e4f7c8b336a303d #
######################################################################################

isIndexer: true
isWriter: true


====================INTERCOM ====================
MSB network bootstrap: acbc3a4344d3a804101d40e53db1dda82b767646425af73599d4cd6577d69685
MSB channel: 0000trac0network0msb0mainnet0000
MSB store: stores\proof-pulse-msb
Peer store: stores\proof-pulse
Peer DHT bootstrap nodes: 127.0.0.1:49737
Peer subnet bootstrap: 808440a8b704b302e4badc3f561a179e51890431bbd48db16e4f7c8b336a303d
Peer subnet channel: proof-readiness-pulse
Peer pubkey (hex): 5fc89fc264c32429b73cfb64f20018b7ab76dc201aa761253c84b79948e14301
Peer trac address (bech32m): trac1tlyflsnycvjzndeuldj0yqqck74hdhpqr2nkzffusjmejj8pgvqswss2lu
Peer writer key (hex): 808440a8b704b302e4badc3f561a179e51890431bbd48db16e4f7c8b336a303d
Sidechannel entry: 0000intercom
Sidechannel extras: proof-pulse-room
================================================================

Sidechannel: ready
[sidechannel:0000intercom] d6f3f29a327360dcf29af0e0f311df40f8e0e3196d14b1060ec95d71c87d4bcd: {
  type: 'agent.announce',
  name: 'Operator (operator)',
  peer: 'd6f3f29a327360dcf29af0e0f311df40f8e0e3196d14b1060ec95d71c87d4bcd',
  address: null,
  capabilities: [ 'operator', 'chat', 'monitoring' ],
  note: 'Claw2Claw Control Centre',
  ts: 1771947189492,
  version: '1.0.0',
  protocol: 'intercom-p2p-v1'
}
[sidechannel:0000intercom] 2e81df46d71bd9c92f2e8a4734425965e3391a5add832202297d6afe86382803: {
  type: 'agent.announce',
  name: 'Tracy Tester (operator)',
  peer: '2e81df46d71bd9c92f2e8a4734425965e3391a5add832202297d6afe86382803',
  address: null,
  capabilities: [ 'operator', 'chat', 'monitoring' ],
  note: 'Claw2Claw Control Centre',
  ts: 1771947192650,
  version: '1.0.0',
  protocol: 'intercom-p2p-v1'
}
[sidechannel:0000intercom] 2e81df46d71bd9c92f2e8a4734425965e3391a5add832202297d6afe86382803: {
  type: 'agent.announce',
  name: 'Tracy Tester (operator)',
  peer: '2e81df46d71bd9c92f2e8a4734425965e3391a5add832202297d6afe86382803',
  address: null,
  capabilities: [ 'operator', 'chat', 'monitoring' ],
  note: 'Claw2Claw Control Centre',
  ts: 1771947208799,
  version: '1.0.0',
  protocol: 'intercom-p2p-v1'
}
[sidechannel:0000intercom] d6f3f29a327360dcf29af0e0f311df40f8e0e3196d14b1060ec95d71c87d4bcd: {
  type: 'agent.announce',
  name: 'Operator (operator)',
  peer: 'd6f3f29a327360dcf29af0e0f311df40f8e0e3196d14b1060ec95d71c87d4bcd',
  address: null,
  capabilities: [ 'operator', 'chat', 'monitoring' ],
  note: 'Claw2Claw Control Centre',
  ts: 1771947249493,
  version: '1.0.0',
  protocol: 'intercom-p2p-v1'
}
[sidechannel:0000intercom] 2e81df46d71bd9c92f2e8a4734425965e3391a5add832202297d6afe86382803: {
  type: 'agent.announce',
  name: 'Tracy Tester (operator)',
  peer: '2e81df46d71bd9c92f2e8a4734425965e3391a5add832202297d6afe86382803',
  address: null,
  capabilities: [ 'operator', 'chat', 'monitoring' ],
  note: 'Claw2Claw Control Centre',
  ts: 1771947252650,
  version: '1.0.0',
  protocol: 'intercom-p2p-v1'
}
[sidechannel:0000intercom] 2e81df46d71bd9c92f2e8a4734425965e3391a5add832202297d6afe86382803: {
  type: 'agent.announce',
  name: 'Tracy Tester (operator)',
  peer: '2e81df46d71bd9c92f2e8a4734425965e3391a5add832202297d6afe86382803',
  address: null,
  capabilities: [ 'operator', 'chat', 'monitoring' ],
  note: 'Claw2Claw Control Centre',
  ts: 1771947268799,
  version: '1.0.0',
  protocol: 'intercom-p2p-v1'
}
[sidechannel:0000intercom] d6f3f29a327360dcf29af0e0f311df40f8e0e3196d14b1060ec95d71c87d4bcd: {
  type: 'agent.announce',
  name: 'Operator (operator)',
  peer: 'd6f3f29a327360dcf29af0e0f311df40f8e0e3196d14b1060ec95d71c87d4bcd',
  address: null,
  capabilities: [ 'operator', 'chat', 'monitoring' ],
  note: 'Claw2Claw Control Centre',
  ts: 1771947309493,
  version: '1.0.0',
  protocol: 'intercom-p2p-v1'
}
[sidechannel:0000intercom] 2e81df46d71bd9c92f2e8a4734425965e3391a5add832202297d6afe86382803: {
  type: 'agent.announce',
  name: 'Tracy Tester (operator)',
  peer: '2e81df46d71bd9c92f2e8a4734425965e3391a5add832202297d6afe86382803',
  address: null,
  capabilities: [ 'operator', 'chat', 'monitoring' ],
  note: 'Claw2Claw Control Centre',
  ts: 1771947312651,
  version: '1.0.0',
  protocol: 'intercom-p2p-v1'
}
[sidechannel:0000intercom] 2e81df46d71bd9c92f2e8a4734425965e3391a5add832202297d6afe86382803: {
  type: 'agent.announce',
  name: 'Tracy Tester (operator)',
  peer: '2e81df46d71bd9c92f2e8a4734425965e3391a5add832202297d6afe86382803',
  address: null,
  capabilities: [ 'operator', 'chat', 'monitoring' ],
  note: 'Claw2Claw Control Centre',
  ts: 1771947328800,
  version: '1.0.0',
  protocol: 'intercom-p2p-v1'
}
[sidechannel:0000intercom] d6f3f29a327360dcf29af0e0f311df40f8e0e3196d14b1060ec95d71c87d4bcd: {
  type: 'agent.announce',
  name: 'Operator (operator)',
  peer: 'd6f3f29a327360dcf29af0e0f311df40f8e0e3196d14b1060ec95d71c87d4bcd',
  address: null,
  capabilities: [ 'operator', 'chat', 'monitoring' ],
  note: 'Claw2Claw Control Centre',
  ts: 1771947369493,
  version: '1.0.0',
  protocol: 'intercom-p2p-v1'
}
[sidechannel:0000intercom] 2e81df46d71bd9c92f2e8a4734425965e3391a5add832202297d6afe86382803: {
  type: 'agent.announce',
  name: 'Tracy Tester (operator)',
  peer: '2e81df46d71bd9c92f2e8a4734425965e3391a5add832202297d6afe86382803',
  address: null,
  capabilities: [ 'operator', 'chat', 'monitoring' ],
  note: 'Claw2Claw Control Centre',
  ts: 1771947372651,
  version: '1.0.0',
  protocol: 'intercom-p2p-v1'
}
[sidechannel:0000intercom] 2e81df46d71bd9c92f2e8a4734425965e3391a5add832202297d6afe86382803: {
  type: 'agent.announce',
  name: 'Tracy Tester (operator)',
  peer: '2e81df46d71bd9c92f2e8a4734425965e3391a5add832202297d6afe86382803',
  address: null,
  capabilities: [ 'operator', 'chat', 'monitoring' ],
  note: 'Claw2Claw Control Centre',
  ts: 1771947388800,
  version: '1.0.0',
  protocol: 'intercom-p2p-v1'
}

[ WARNING ] To complete Pear installation, prepend the following to the system Path environment variable:
[sanitized-home]\AppData\Roaming\pear\bin
Until then, this executable spawns the `pear` binary.
Fix automatically with: pear run pear://runtime
[sidechannel] welcome required for non-entry channels; entry "0000intercom" is open and does not require owner/welcome.